<?xml version="1.0" encoding="UTF-8"?>
<robot generator="Robot 7.2.2 (Python 3.13.3 on win32)" generated="2025-05-30T15:02:41.147410" rpa="false" schemaversion="5">
<suite id="s1" name="Tests" source="K:\Documents\Programmierung\swaglabs-tests\tests">
<suite id="s1-s1" name="Test All Login" source="K:\Documents\Programmierung\swaglabs-tests\tests\test_all_login.robot">
<kw name="Open Browser To Login Page" owner="login_keywords" type="SETUP">
<kw name="Open Browser" owner="SeleniumLibrary">
<msg time="2025-05-30T15:02:41.399549" level="INFO">Opening browser 'firefox' to base url 'https://www.saucedemo.com/'.</msg>
<msg time="2025-05-30T15:02:47.046020" level="INFO">Cannot capture screenshot because no browser is open.</msg>
<msg time="2025-05-30T15:02:47.046204" level="FAIL">WebDriverException: Message: Process unexpectedly closed with status 0
</msg>
<arg>${LOGIN_URL}</arg>
<arg>${BROWSER}</arg>
<doc>Opens a new browser instance to the optional ``url``.</doc>
<status status="FAIL" start="2025-05-30T15:02:41.399330" elapsed="5.711290">WebDriverException: Message: Process unexpectedly closed with status 0
</status>
</kw>
<kw name="Maximize Browser Window" owner="SeleniumLibrary">
<doc>Maximizes current browser window.</doc>
<status status="NOT RUN" start="2025-05-30T15:02:47.110825" elapsed="0.000030"/>
</kw>
<status status="FAIL" start="2025-05-30T15:02:41.398789" elapsed="5.712174">WebDriverException: Message: Process unexpectedly closed with status 0
</status>
</kw>
<test id="s1-s1-t1" name="Test Login With All Users" line="12">
<status status="FAIL" start="2025-05-30T15:02:47.111044" elapsed="0.000412">Parent suite setup failed:
WebDriverException: Message: Process unexpectedly closed with status 0
</status>
</test>
<test id="s1-s1-t2" name="[Teardown]" line="26">
<status status="FAIL" start="2025-05-30T15:02:47.111983" elapsed="0.000241">Parent suite setup failed:
WebDriverException: Message: Process unexpectedly closed with status 0
</status>
</test>
<kw name="Close Browser" owner="SeleniumLibrary" type="TEARDOWN">
<doc>Closes the current browser.</doc>
<status status="PASS" start="2025-05-30T15:02:47.112784" elapsed="0.000127"/>
</kw>
<status status="FAIL" start="2025-05-30T15:02:41.170530" elapsed="5.942417">Suite setup failed:
WebDriverException: Message: Process unexpectedly closed with status 0
</status>
</suite>
<suite id="s1-s2" name="Test Locked Out User" source="K:\Documents\Programmierung\swaglabs-tests\tests\test_locked_out_user.robot">
<kw name="Open Browser To Login Page" owner="login_keywords" type="SETUP">
<kw name="Open Browser" owner="SeleniumLibrary">
<msg time="2025-05-30T15:02:47.116435" level="INFO">Opening browser 'firefox' to base url 'https://www.saucedemo.com/'.</msg>
<arg>${LOGIN_URL}</arg>
<arg>${BROWSER}</arg>
<doc>Opens a new browser instance to the optional ``url``.</doc>
<status status="PASS" start="2025-05-30T15:02:47.116253" elapsed="6.485413"/>
</kw>
<kw name="Maximize Browser Window" owner="SeleniumLibrary">
<doc>Maximizes current browser window.</doc>
<status status="PASS" start="2025-05-30T15:02:53.601878" elapsed="0.271429"/>
</kw>
<status status="PASS" start="2025-05-30T15:02:47.116053" elapsed="6.757375"/>
</kw>
<test id="s1-s2-t1" line="12">
<status status="FAIL" start="2025-05-30T15:02:53.873503" elapsed="0.000357">Test name cannot be empty.</status>
</test>
<kw name="Close Browser" owner="SeleniumLibrary" type="TEARDOWN">
<doc>Closes the current browser.</doc>
<status status="PASS" start="2025-05-30T15:02:53.874426" elapsed="2.812016"/>
</kw>
<status status="FAIL" start="2025-05-30T15:02:47.113540" elapsed="9.572997"/>
</suite>
<suite id="s1-s3" name="Test Logout" source="K:\Documents\Programmierung\swaglabs-tests\tests\test_logout.robot">
<kw name="Open Browser To Login Page" owner="login_keywords" type="SETUP">
<kw name="Open Browser" owner="SeleniumLibrary">
<msg time="2025-05-30T15:02:56.690649" level="INFO">Opening browser 'firefox' to base url 'https://www.saucedemo.com/'.</msg>
<arg>${LOGIN_URL}</arg>
<arg>${BROWSER}</arg>
<doc>Opens a new browser instance to the optional ``url``.</doc>
<status status="PASS" start="2025-05-30T15:02:56.689939" elapsed="5.462813"/>
</kw>
<kw name="Maximize Browser Window" owner="SeleniumLibrary">
<doc>Maximizes current browser window.</doc>
<status status="PASS" start="2025-05-30T15:03:02.152946" elapsed="0.303690"/>
</kw>
<status status="PASS" start="2025-05-30T15:02:56.689733" elapsed="5.767026"/>
</kw>
<test id="s1-s3-t1" name="Valid User Can Logout" line="9">
<kw name="Login With Valid Credentials" owner="login_keywords">
<kw name="Input Valid Credentials" owner="login_keywords">
<kw name="Input Text" owner="SeleniumLibrary">
<msg time="2025-05-30T15:03:02.458134" level="INFO">Typing text 'standard_user' into text field 'id=user-name'.</msg>
<arg>id=user-name</arg>
<arg>${username}</arg>
<doc>Types the given ``text`` into the text field identified by ``locator``.</doc>
<status status="PASS" start="2025-05-30T15:03:02.457830" elapsed="0.057711"/>
</kw>
<kw name="Input Text" owner="SeleniumLibrary">
<msg time="2025-05-30T15:03:02.515933" level="INFO">Typing text 'secret_sauce' into text field 'id=password'.</msg>
<arg>id=password</arg>
<arg>${password}</arg>
<doc>Types the given ``text`` into the text field identified by ``locator``.</doc>
<status status="PASS" start="2025-05-30T15:03:02.515721" elapsed="0.015613"/>
</kw>
<arg>${username}</arg>
<arg>${password}</arg>
<status status="PASS" start="2025-05-30T15:03:02.457587" elapsed="0.073853"/>
</kw>
<kw name="Click Login Button" owner="login_keywords">
<kw name="Click Button" owner="SeleniumLibrary">
<msg time="2025-05-30T15:03:02.531941" level="INFO">Clicking button 'id=login-button'.</msg>
<arg>id=login-button</arg>
<doc>Clicks the button identified by ``locator``.</doc>
<status status="PASS" start="2025-05-30T15:03:02.531803" elapsed="0.238311"/>
</kw>
<status status="PASS" start="2025-05-30T15:03:02.531604" elapsed="0.238674"/>
</kw>
<arg>standard_user</arg>
<arg>secret_sauce</arg>
<status status="PASS" start="2025-05-30T15:03:02.457281" elapsed="0.313080"/>
</kw>
<kw name="Wait Until Element Is Visible" owner="SeleniumLibrary">
<arg>id=react-burger-menu-btn</arg>
<arg>timeout=5s</arg>
<doc>Waits until the element ``locator`` is visible.</doc>
<status status="PASS" start="2025-05-30T15:03:02.770685" elapsed="0.071084"/>
</kw>
<kw name="Click Element" owner="SeleniumLibrary">
<msg time="2025-05-30T15:03:02.842335" level="INFO">Clicking element 'id=react-burger-menu-btn'.</msg>
<arg>id=react-burger-menu-btn</arg>
<doc>Click the element identified by ``locator``.</doc>
<status status="PASS" start="2025-05-30T15:03:02.842109" elapsed="0.210730"/>
</kw>
<kw name="Wait Until Element Is Visible" owner="SeleniumLibrary">
<arg>id=logout_sidebar_link</arg>
<arg>timeout=5s</arg>
<doc>Waits until the element ``locator`` is visible.</doc>
<status status="PASS" start="2025-05-30T15:03:03.053186" elapsed="0.009175"/>
</kw>
<kw name="Click Element" owner="SeleniumLibrary">
<msg time="2025-05-30T15:03:03.063034" level="INFO">Clicking element 'id=logout_sidebar_link'.</msg>
<arg>id=logout_sidebar_link</arg>
<doc>Click the element identified by ``locator``.</doc>
<status status="PASS" start="2025-05-30T15:03:03.062750" elapsed="0.213304"/>
</kw>
<kw name="Wait Until Element Is Visible" owner="SeleniumLibrary">
<arg>id=user-name</arg>
<arg>timeout=10s</arg>
<doc>Waits until the element ``locator`` is visible.</doc>
<status status="PASS" start="2025-05-30T15:03:03.276612" elapsed="0.007791"/>
</kw>
<kw name="Page Should Contain Element" owner="SeleniumLibrary">
<msg time="2025-05-30T15:03:03.287394" level="INFO">Current page contains element 'id=user-name'.</msg>
<arg>id=user-name</arg>
<doc>Verifies that element ``locator`` is found on the current page.</doc>
<status status="PASS" start="2025-05-30T15:03:03.284803" elapsed="0.002660"/>
</kw>
<status status="PASS" start="2025-05-30T15:03:02.456822" elapsed="0.830870"/>
</test>
<kw name="Close Browser" owner="SeleniumLibrary" type="TEARDOWN">
<doc>Closes the current browser.</doc>
<status status="PASS" start="2025-05-30T15:03:03.288376" elapsed="2.653930"/>
</kw>
<status status="PASS" start="2025-05-30T15:02:56.687640" elapsed="9.254785"/>
</suite>
<status status="FAIL" start="2025-05-30T15:02:41.148544" elapsed="24.795036"/>
</suite>
<statistics>
<total>
<stat pass="1" fail="3" skip="0">All Tests</stat>
</total>
<tag>
</tag>
<suite>
<stat name="Tests" id="s1" pass="1" fail="3" skip="0">Tests</stat>
<stat name="Test All Login" id="s1-s1" pass="0" fail="2" skip="0">Tests.Test All Login</stat>
<stat name="Test Locked Out User" id="s1-s2" pass="0" fail="1" skip="0">Tests.Test Locked Out User</stat>
<stat name="Test Logout" id="s1-s3" pass="1" fail="0" skip="0">Tests.Test Logout</stat>
</suite>
</statistics>
<errors>
</errors>
</robot>
