<?xml version="1.0" encoding="UTF-8"?>
<robot generator="Robot 7.2.2 (Python 3.13.3 on win32)" generated="2025-05-29T09:55:47.300611" rpa="false" schemaversion="5">
<suite id="s1" name="Tests" source="K:\Documents\Programmierung\swaglabs-tests\tests">
<suite id="s1-s1" name="Test All Login" source="K:\Documents\Programmierung\swaglabs-tests\tests\test_all_login.robot">
<kw name="Open Browser To Login Page" owner="login_keywords" type="SETUP">
<kw name="Open Browser" owner="SeleniumLibrary">
<msg time="2025-05-29T09:55:47.565486" level="INFO">Opening browser 'Chrome' to base url 'https://www.saucedemo.com/'.</msg>
<arg>${LOGIN_URL}</arg>
<arg>${BROWSER}</arg>
<doc>Opens a new browser instance to the optional ``url``.</doc>
<status status="PASS" start="2025-05-29T09:55:47.565270" elapsed="1.368393"/>
</kw>
<kw name="Maximize Browser Window" owner="SeleniumLibrary">
<doc>Maximizes current browser window.</doc>
<status status="PASS" start="2025-05-29T09:55:48.933880" elapsed="0.033994"/>
</kw>
<status status="PASS" start="2025-05-29T09:55:47.564708" elapsed="1.403353"/>
</kw>
<test id="s1-s1-t1" name="Test Login With All Users" line="10">
<for flavor="IN">
<iter>
<kw name="Input Valid Credentials" owner="login_keywords">
<msg time="2025-05-29T09:55:48.969972" level="FAIL">Resolving variable '${user.password}' failed: AttributeError: 'str' object has no attribute 'password'</msg>
<arg>${user}</arg>
<arg>${user.password}</arg>
<status status="FAIL" start="2025-05-29T09:55:48.969373" elapsed="0.000678">Resolving variable '${user.password}' failed: AttributeError: 'str' object has no attribute 'password'</status>
</kw>
<kw name="Click Login Button" owner="login_keywords">
<status status="NOT RUN" start="2025-05-29T09:55:48.970249" elapsed="0.000031"/>
</kw>
<kw name="Page Should Contain Element" owner="SeleniumLibrary">
<arg>id=react-burger-menu-btn</arg>
<doc>Verifies that element ``locator`` is found on the current page.</doc>
<status status="NOT RUN" start="2025-05-29T09:55:48.970369" elapsed="0.000021"/>
</kw>
<kw name="Click Element" owner="SeleniumLibrary">
<arg>id=react-burger-menu-btn</arg>
<doc>Click the element identified by ``locator``.</doc>
<status status="NOT RUN" start="2025-05-29T09:55:48.970456" elapsed="0.000018"/>
</kw>
<kw name="Click Element" owner="SeleniumLibrary">
<arg>id=logout_sidebar_link</arg>
<doc>Click the element identified by ``locator``.</doc>
<status status="NOT RUN" start="2025-05-29T09:55:48.970533" elapsed="0.000017"/>
</kw>
<var name="${user}">standard_user</var>
<status status="FAIL" start="2025-05-29T09:55:48.969155" elapsed="0.001442">Resolving variable '${user.password}' failed: AttributeError: 'str' object has no attribute 'password'</status>
</iter>
<var>${user}</var>
<value>@{VALID_USERS}</value>
<status status="FAIL" start="2025-05-29T09:55:48.968858" elapsed="0.001808">Resolving variable '${user.password}' failed: AttributeError: 'str' object has no attribute 'password'</status>
</for>
<status status="FAIL" start="2025-05-29T09:55:48.968203" elapsed="0.002751">Resolving variable '${user.password}' failed: AttributeError: 'str' object has no attribute 'password'</status>
</test>
<kw name="Close Browser" owner="SeleniumLibrary" type="TEARDOWN">
<doc>Closes the current browser.</doc>
<status status="PASS" start="2025-05-29T09:55:48.971930" elapsed="2.129347"/>
</kw>
<status status="FAIL" start="2025-05-29T09:55:47.323390" elapsed="3.778026"/>
</suite>
<suite id="s1-s2" name="Test Logout" source="K:\Documents\Programmierung\swaglabs-tests\tests\test_logout.robot">
<kw name="Open Browser To Login Page" owner="login_keywords" type="SETUP">
<kw name="Open Browser" owner="SeleniumLibrary">
<msg time="2025-05-29T09:55:51.104935" level="INFO">Opening browser 'Chrome' to base url 'https://www.saucedemo.com/'.</msg>
<arg>${LOGIN_URL}</arg>
<arg>${BROWSER}</arg>
<doc>Opens a new browser instance to the optional ``url``.</doc>
<status status="PASS" start="2025-05-29T09:55:51.104753" elapsed="1.375295"/>
</kw>
<kw name="Maximize Browser Window" owner="SeleniumLibrary">
<doc>Maximizes current browser window.</doc>
<status status="PASS" start="2025-05-29T09:55:52.480229" elapsed="0.034243"/>
</kw>
<status status="PASS" start="2025-05-29T09:55:51.104566" elapsed="1.410047"/>
</kw>
<test id="s1-s2-t1" name="Valid User Can Logout" line="9">
<kw name="Login With Valid Credentials" owner="login_keywords">
<kw name="Input Valid Credentials" owner="login_keywords">
<kw name="Input Text" owner="SeleniumLibrary">
<msg time="2025-05-29T09:55:52.516136" level="INFO">Typing text 'standard_user' into text field 'id=user-name'.</msg>
<arg>id=user-name</arg>
<arg>${username}</arg>
<doc>Types the given ``text`` into the text field identified by ``locator``.</doc>
<status status="PASS" start="2025-05-29T09:55:52.515708" elapsed="0.089470"/>
</kw>
<kw name="Input Text" owner="SeleniumLibrary">
<msg time="2025-05-29T09:55:52.605670" level="INFO">Typing text 'secret_sauce' into text field 'id=password'.</msg>
<arg>id=password</arg>
<arg>${password}</arg>
<doc>Types the given ``text`` into the text field identified by ``locator``.</doc>
<status status="PASS" start="2025-05-29T09:55:52.605402" elapsed="0.075925"/>
</kw>
<arg>${username}</arg>
<arg>${password}</arg>
<status status="PASS" start="2025-05-29T09:55:52.515486" elapsed="0.166007"/>
</kw>
<kw name="Click Login Button" owner="login_keywords">
<kw name="Click Button" owner="SeleniumLibrary">
<msg time="2025-05-29T09:55:52.682174" level="INFO">Clicking button 'id=login-button'.</msg>
<arg>id=login-button</arg>
<doc>Clicks the button identified by ``locator``.</doc>
<status status="PASS" start="2025-05-29T09:55:52.682008" elapsed="0.076186"/>
</kw>
<status status="PASS" start="2025-05-29T09:55:52.681761" elapsed="0.076559"/>
</kw>
<arg>standard_user</arg>
<arg>secret_sauce</arg>
<status status="PASS" start="2025-05-29T09:55:52.515200" elapsed="0.243168"/>
</kw>
<kw name="Click Element" owner="SeleniumLibrary">
<msg time="2025-05-29T09:55:52.758839" level="INFO">Clicking element 'id=react-burger-menu-btn'.</msg>
<arg>id=react-burger-menu-btn</arg>
<doc>Click the element identified by ``locator``.</doc>
<status status="PASS" start="2025-05-29T09:55:52.758635" elapsed="0.042810"/>
</kw>
<kw name="Click Element" owner="SeleniumLibrary">
<msg time="2025-05-29T09:55:52.801963" level="INFO">Clicking element 'id=logout_sidebar_link'.</msg>
<msg time="2025-05-29T09:55:53.252000" level="INFO" html="true">&lt;/td&gt;&lt;/tr&gt;&lt;tr&gt;&lt;td colspan="3"&gt;&lt;a href="selenium-screenshot-1.png"&gt;&lt;img src="selenium-screenshot-1.png" width="800px"&gt;&lt;/a&gt;</msg>
<msg time="2025-05-29T09:55:53.252184" level="FAIL">ElementNotInteractableException: Message: element not interactable
  (Session info: chrome=137.0.7151.41)
Stacktrace:
	GetHandleVerifier [0x0x7ff639216f65+78965]
	GetHandleVerifier [0x0x7ff639216fc0+79056]
	(No symbol) [0x0x7ff638fa9c0c]
	(No symbol) [0x0x7ff6390017fd]
	(No symbol) [0x0x7ff638ff32a4]
	(No symbol) [0x0x7ff63902866a]
	(No symbol) [0x0x7ff638ff2b56]
	(No symbol) [0x0x7ff639028880]
	(No symbol) [0x0x7ff639050dbe]
	(No symbol) [0x0x7ff639028443]
	(No symbol) [0x0x7ff638ff1311]
	(No symbol) [0x0x7ff638ff20a3]
	GetHandleVerifier [0x0x7ff6394ce26d+2926461]
	GetHandleVerifier [0x0x7ff6394c8993+2903715]
	GetHandleVerifier [0x0x7ff6394e6aed+3026941]
	GetHandleVerifier [0x0x7ff6392316fe+187406]
	GetHandleVerifier [0x0x7ff6392396ef+220159]
	GetHandleVerifier [0x0x7ff63921faf4+114692]
	GetHandleVerifier [0x0x7ff63921fca9+115129]
	GetHandleVerifier [0x0x7ff6392064d8+10728]
	BaseThreadInitThunk [0x0x7ffa6fe7e8d7+23]
	RtlUserThreadStart [0x0x7ffa7137c5dc+44]
</msg>
<arg>id=logout_sidebar_link</arg>
<doc>Click the element identified by ``locator``.</doc>
<status status="FAIL" start="2025-05-29T09:55:52.801747" elapsed="0.453015">ElementNotInteractableException: Message: element not interactable
  (Session info: chrome=137.0.7151.41)
Stacktrace:
	GetHandleVerifier [0x0x7ff639216f65+78965]
	GetHandleVerifier [0x0x7ff639216fc0+79056]
	(No symbol) [0x0x7ff638fa9c0c]
	(No symbol) [0x0x7ff6390017fd]
	(No symbol) [0x0x7ff638ff32a4]
	(No symbol) [0x0x7ff63902866a]
	(No symbol) [0x0x7ff638ff2b56]
	(No symbol) [0x0x7ff639028880]
	(No symbol) [0x0x7ff639050dbe]
	(No symbol) [0x0x7ff639028443]
	(No symbol) [0x0x7ff638ff1311]
	(No symbol) [0x0x7ff638ff20a3]
	GetHandleVerifier [0x0x7ff6394ce26d+2926461]
	GetHandleVerifier [0x0x7ff6394c8993+2903715]
	GetHandleVerifier [0x0x7ff6394e6aed+3026941]
	GetHandleVerifier [0x0x7ff6392316fe+187406]
	GetHandleVerifier [0x0x7ff6392396ef+220159]
	GetHandleVerifier [0x0x7ff63921faf4+114692]
	GetHandleVerifier [0x0x7ff63921fca9+115129]
	GetHandleVerifier [0x0x7ff6392064d8+10728]
	BaseThreadInitThunk [0x0x7ffa6fe7e8d7+23]
	RtlUserThreadStart [0x0x7ffa7137c5dc+44]
</status>
</kw>
<kw name="Page Should Contain Element" owner="SeleniumLibrary">
<arg>id=user-name</arg>
<doc>Verifies that element ``locator`` is found on the current page.</doc>
<status status="NOT RUN" start="2025-05-29T09:55:53.255231" elapsed="0.000057"/>
</kw>
<status status="FAIL" start="2025-05-29T09:55:52.514697" elapsed="0.740836">ElementNotInteractableException: Message: element not interactable
  (Session info: chrome=137.0.7151.41)
Stacktrace:
	GetHandleVerifier [0x0x7ff639216f65+78965]
	GetHandleVerifier [0x0x7ff639216fc0+79056]
	(No symbol) [0x0x7ff638fa9c0c]
	(No symbol) [0x0x7ff6390017fd]
	(No symbol) [0x0x7ff638ff32a4]
	(No symbol) [0x0x7ff63902866a]
	(No symbol) [0x0x7ff638ff2b56]
	(No symbol) [0x0x7ff639028880]
	(No symbol) [0x0x7ff639050dbe]
	(No symbol) [0x0x7ff639028443]
	(No symbol) [0x0x7ff638ff1311]
	(No symbol) [0x0x7ff638ff20a3]
	GetHandleVerifier [0x0x7ff6394ce26d+2926461]
	GetHandleVerifier [0x0x7ff6394c8993+2903715]
	GetHandleVerifier [0x0x7ff6394e6aed+3026941]
	GetHandleVerifier [0x0x7ff6392316fe+187406]
	GetHandleVerifier [0x0x7ff6392396ef+220159]
	GetHandleVerifier [0x0x7ff63921faf4+114692]
	GetHandleVerifier [0x0x7ff63921fca9+115129]
	GetHandleVerifier [0x0x7ff6392064d8+10728]
	BaseThreadInitThunk [0x0x7ffa6fe7e8d7+23]
	RtlUserThreadStart [0x0x7ffa7137c5dc+44]
</status>
</test>
<kw name="Close Browser" owner="SeleniumLibrary" type="TEARDOWN">
<doc>Closes the current browser.</doc>
<status status="PASS" start="2025-05-29T09:55:53.256247" elapsed="2.120279"/>
</kw>
<status status="FAIL" start="2025-05-29T09:55:51.102466" elapsed="4.274158"/>
</suite>
<status status="FAIL" start="2025-05-29T09:55:47.301674" elapsed="8.075814"/>
</suite>
<statistics>
<total>
<stat pass="0" fail="2" skip="0">All Tests</stat>
</total>
<tag>
</tag>
<suite>
<stat name="Tests" id="s1" pass="0" fail="2" skip="0">Tests</stat>
<stat name="Test All Login" id="s1-s1" pass="0" fail="1" skip="0">Tests.Test All Login</stat>
<stat name="Test Logout" id="s1-s2" pass="0" fail="1" skip="0">Tests.Test Logout</stat>
</suite>
</statistics>
<errors>
</errors>
</robot>
