<?xml version="1.0" encoding="UTF-8"?>
<robot generator="Robot 7.2.2 (Python 3.13.3 on win32)" generated="2025-05-29T09:51:04.855432" rpa="false" schemaversion="5">
<suite id="s1" name="Tests" source="K:\Documents\Programmierung\swaglabs-tests\tests">
<suite id="s1-s1" name="Test All Login" source="K:\Documents\Programmierung\swaglabs-tests\tests\test_all_login.robot">
<kw name="Open Browser To Login Page" owner="login_keywords" type="SETUP">
<kw name="Open Browser" owner="SeleniumLibrary">
<msg time="2025-05-29T09:51:05.128902" level="INFO">Opening browser 'Chrome' to base url 'https://www.saucedemo.com/'.</msg>
<arg>${LOGIN_URL}</arg>
<arg>${BROWSER}</arg>
<doc>Opens a new browser instance to the optional ``url``.</doc>
<status status="PASS" start="2025-05-29T09:51:05.128698" elapsed="1.349000"/>
</kw>
<kw name="Maximize Browser Window" owner="SeleniumLibrary">
<doc>Maximizes current browser window.</doc>
<status status="PASS" start="2025-05-29T09:51:06.477910" elapsed="0.024756"/>
</kw>
<status status="PASS" start="2025-05-29T09:51:05.128227" elapsed="1.374644"/>
</kw>
<test id="s1-s1-t1" name="Test Login With All Users" line="10">
<for flavor="IN">
<iter>
<kw name="Input Valid Credentials" owner="login_keywords">
<msg time="2025-05-29T09:51:06.504205" level="FAIL">Resolving variable '${user.username}' failed: AttributeError: 'str' object has no attribute 'username'</msg>
<arg>${user.username}</arg>
<arg>${user.password}</arg>
<status status="FAIL" start="2025-05-29T09:51:06.503826" elapsed="0.000429">Resolving variable '${user.username}' failed: AttributeError: 'str' object has no attribute 'username'</status>
</kw>
<kw name="Click Login Button" owner="login_keywords">
<status status="NOT RUN" start="2025-05-29T09:51:06.504400" elapsed="0.000040"/>
</kw>
<kw name="Page Should Contain Element" owner="SeleniumLibrary">
<arg>id=react-burger-menu-btn</arg>
<doc>Verifies that element ``locator`` is found on the current page.</doc>
<status status="NOT RUN" start="2025-05-29T09:51:06.504559" elapsed="0.000025"/>
</kw>
<kw name="Click Element" owner="SeleniumLibrary">
<arg>id=react-burger-menu-btn</arg>
<doc>Click the element identified by ``locator``.</doc>
<status status="NOT RUN" start="2025-05-29T09:51:06.504658" elapsed="0.000020"/>
</kw>
<kw name="Click Element" owner="SeleniumLibrary">
<arg>id=logout_sidebar_link</arg>
<doc>Click the element identified by ``locator``.</doc>
<status status="NOT RUN" start="2025-05-29T09:51:06.504740" elapsed="0.000018"/>
</kw>
<var name="${user}">standard_user</var>
<status status="FAIL" start="2025-05-29T09:51:06.503666" elapsed="0.001142">Resolving variable '${user.username}' failed: AttributeError: 'str' object has no attribute 'username'</status>
</iter>
<var>${user}</var>
<value>@{VALID_USERS}</value>
<status status="FAIL" start="2025-05-29T09:51:06.503423" elapsed="0.001453">Resolving variable '${user.username}' failed: AttributeError: 'str' object has no attribute 'username'</status>
</for>
<status status="FAIL" start="2025-05-29T09:51:06.503003" elapsed="0.002159">Resolving variable '${user.username}' failed: AttributeError: 'str' object has no attribute 'username'</status>
</test>
<kw name="Close Browser" owner="SeleniumLibrary" type="TEARDOWN">
<doc>Closes the current browser.</doc>
<status status="PASS" start="2025-05-29T09:51:06.506003" elapsed="2.124957"/>
</kw>
<status status="FAIL" start="2025-05-29T09:51:04.878736" elapsed="3.752363"/>
</suite>
<suite id="s1-s2" name="Test Logout" source="K:\Documents\Programmierung\swaglabs-tests\tests\test_logout.robot">
<kw name="Open Browser To Login Page" owner="login_keywords" type="SETUP">
<kw name="Open Browser" owner="SeleniumLibrary">
<msg time="2025-05-29T09:51:08.634665" level="INFO">Opening browser 'Chrome' to base url 'https://www.saucedemo.com/'.</msg>
<arg>${LOGIN_URL}</arg>
<arg>${BROWSER}</arg>
<doc>Opens a new browser instance to the optional ``url``.</doc>
<status status="PASS" start="2025-05-29T09:51:08.634493" elapsed="1.395742"/>
</kw>
<kw name="Maximize Browser Window" owner="SeleniumLibrary">
<doc>Maximizes current browser window.</doc>
<status status="PASS" start="2025-05-29T09:51:10.030401" elapsed="0.038275"/>
</kw>
<status status="PASS" start="2025-05-29T09:51:08.634310" elapsed="1.434494"/>
</kw>
<test id="s1-s2-t1" name="Valid User Can Logout" line="9">
<kw name="Login With Valid Credentials" owner="login_keywords">
<kw name="Input Valid Credentials" owner="login_keywords">
<kw name="Input Text" owner="SeleniumLibrary">
<msg time="2025-05-29T09:51:10.070011" level="INFO">Typing text 'standard_user' into text field 'id=user-name'.</msg>
<arg>id=user-name</arg>
<arg>${username}</arg>
<doc>Types the given ``text`` into the text field identified by ``locator``.</doc>
<status status="PASS" start="2025-05-29T09:51:10.069731" elapsed="0.091719"/>
</kw>
<kw name="Input Text" owner="SeleniumLibrary">
<msg time="2025-05-29T09:51:10.161861" level="INFO">Typing text 'secret_sauce' into text field 'id=password'.</msg>
<arg>id=password</arg>
<arg>${password}</arg>
<doc>Types the given ``text`` into the text field identified by ``locator``.</doc>
<status status="PASS" start="2025-05-29T09:51:10.161626" elapsed="0.072574"/>
</kw>
<arg>${username}</arg>
<arg>${password}</arg>
<status status="PASS" start="2025-05-29T09:51:10.069538" elapsed="0.164768"/>
</kw>
<kw name="Click Login Button" owner="login_keywords">
<kw name="Click Button" owner="SeleniumLibrary">
<msg time="2025-05-29T09:51:10.234883" level="INFO">Clicking button 'id=login-button'.</msg>
<arg>id=login-button</arg>
<doc>Clicks the button identified by ``locator``.</doc>
<status status="PASS" start="2025-05-29T09:51:10.234725" elapsed="0.081833"/>
</kw>
<status status="PASS" start="2025-05-29T09:51:10.234464" elapsed="0.082215"/>
</kw>
<arg>standard_user</arg>
<arg>secret_sauce</arg>
<status status="PASS" start="2025-05-29T09:51:10.069314" elapsed="0.247410"/>
</kw>
<kw name="Click Element" owner="SeleniumLibrary">
<msg time="2025-05-29T09:51:10.317141" level="INFO">Clicking element 'id=react-burger-menu-btn'.</msg>
<arg>id=react-burger-menu-btn</arg>
<doc>Click the element identified by ``locator``.</doc>
<status status="PASS" start="2025-05-29T09:51:10.316963" elapsed="0.045590"/>
</kw>
<kw name="Click Element" owner="SeleniumLibrary">
<msg time="2025-05-29T09:51:10.363009" level="INFO">Clicking element 'id=logout_sidebar_link'.</msg>
<msg time="2025-05-29T09:51:10.810538" level="INFO" html="true">&lt;/td&gt;&lt;/tr&gt;&lt;tr&gt;&lt;td colspan="3"&gt;&lt;a href="selenium-screenshot-1.png"&gt;&lt;img src="selenium-screenshot-1.png" width="800px"&gt;&lt;/a&gt;</msg>
<msg time="2025-05-29T09:51:10.810834" level="FAIL">ElementNotInteractableException: Message: element not interactable
  (Session info: chrome=137.0.7151.41)
Stacktrace:
	GetHandleVerifier [0x0x7ff639216f65+78965]
	GetHandleVerifier [0x0x7ff639216fc0+79056]
	(No symbol) [0x0x7ff638fa9c0c]
	(No symbol) [0x0x7ff6390017fd]
	(No symbol) [0x0x7ff638ff32a4]
	(No symbol) [0x0x7ff63902866a]
	(No symbol) [0x0x7ff638ff2b56]
	(No symbol) [0x0x7ff639028880]
	(No symbol) [0x0x7ff639050dbe]
	(No symbol) [0x0x7ff639028443]
	(No symbol) [0x0x7ff638ff1311]
	(No symbol) [0x0x7ff638ff20a3]
	GetHandleVerifier [0x0x7ff6394ce26d+2926461]
	GetHandleVerifier [0x0x7ff6394c8993+2903715]
	GetHandleVerifier [0x0x7ff6394e6aed+3026941]
	GetHandleVerifier [0x0x7ff6392316fe+187406]
	GetHandleVerifier [0x0x7ff6392396ef+220159]
	GetHandleVerifier [0x0x7ff63921faf4+114692]
	GetHandleVerifier [0x0x7ff63921fca9+115129]
	GetHandleVerifier [0x0x7ff6392064d8+10728]
	BaseThreadInitThunk [0x0x7ffa6fe7e8d7+23]
	RtlUserThreadStart [0x0x7ffa7137c5dc+44]
</msg>
<arg>id=logout_sidebar_link</arg>
<doc>Click the element identified by ``locator``.</doc>
<status status="FAIL" start="2025-05-29T09:51:10.362830" elapsed="0.450561">ElementNotInteractableException: Message: element not interactable
  (Session info: chrome=137.0.7151.41)
Stacktrace:
	GetHandleVerifier [0x0x7ff639216f65+78965]
	GetHandleVerifier [0x0x7ff639216fc0+79056]
	(No symbol) [0x0x7ff638fa9c0c]
	(No symbol) [0x0x7ff6390017fd]
	(No symbol) [0x0x7ff638ff32a4]
	(No symbol) [0x0x7ff63902866a]
	(No symbol) [0x0x7ff638ff2b56]
	(No symbol) [0x0x7ff639028880]
	(No symbol) [0x0x7ff639050dbe]
	(No symbol) [0x0x7ff639028443]
	(No symbol) [0x0x7ff638ff1311]
	(No symbol) [0x0x7ff638ff20a3]
	GetHandleVerifier [0x0x7ff6394ce26d+2926461]
	GetHandleVerifier [0x0x7ff6394c8993+2903715]
	GetHandleVerifier [0x0x7ff6394e6aed+3026941]
	GetHandleVerifier [0x0x7ff6392316fe+187406]
	GetHandleVerifier [0x0x7ff6392396ef+220159]
	GetHandleVerifier [0x0x7ff63921faf4+114692]
	GetHandleVerifier [0x0x7ff63921fca9+115129]
	GetHandleVerifier [0x0x7ff6392064d8+10728]
	BaseThreadInitThunk [0x0x7ffa6fe7e8d7+23]
	RtlUserThreadStart [0x0x7ffa7137c5dc+44]
</status>
</kw>
<kw name="Page Should Contain Element" owner="SeleniumLibrary">
<arg>id=user-name</arg>
<doc>Verifies that element ``locator`` is found on the current page.</doc>
<status status="NOT RUN" start="2025-05-29T09:51:10.813760" elapsed="0.000031"/>
</kw>
<status status="FAIL" start="2025-05-29T09:51:10.068889" elapsed="0.745101">ElementNotInteractableException: Message: element not interactable
  (Session info: chrome=137.0.7151.41)
Stacktrace:
	GetHandleVerifier [0x0x7ff639216f65+78965]
	GetHandleVerifier [0x0x7ff639216fc0+79056]
	(No symbol) [0x0x7ff638fa9c0c]
	(No symbol) [0x0x7ff6390017fd]
	(No symbol) [0x0x7ff638ff32a4]
	(No symbol) [0x0x7ff63902866a]
	(No symbol) [0x0x7ff638ff2b56]
	(No symbol) [0x0x7ff639028880]
	(No symbol) [0x0x7ff639050dbe]
	(No symbol) [0x0x7ff639028443]
	(No symbol) [0x0x7ff638ff1311]
	(No symbol) [0x0x7ff638ff20a3]
	GetHandleVerifier [0x0x7ff6394ce26d+2926461]
	GetHandleVerifier [0x0x7ff6394c8993+2903715]
	GetHandleVerifier [0x0x7ff6394e6aed+3026941]
	GetHandleVerifier [0x0x7ff6392316fe+187406]
	GetHandleVerifier [0x0x7ff6392396ef+220159]
	GetHandleVerifier [0x0x7ff63921faf4+114692]
	GetHandleVerifier [0x0x7ff63921fca9+115129]
	GetHandleVerifier [0x0x7ff6392064d8+10728]
	BaseThreadInitThunk [0x0x7ffa6fe7e8d7+23]
	RtlUserThreadStart [0x0x7ffa7137c5dc+44]
</status>
</test>
<kw name="Close Browser" owner="SeleniumLibrary" type="TEARDOWN">
<doc>Closes the current browser.</doc>
<status status="PASS" start="2025-05-29T09:51:10.814717" elapsed="2.132382"/>
</kw>
<status status="FAIL" start="2025-05-29T09:51:08.632267" elapsed="4.314974"/>
</suite>
<status status="FAIL" start="2025-05-29T09:51:04.856520" elapsed="8.092131"/>
</suite>
<statistics>
<total>
<stat pass="0" fail="2" skip="0">All Tests</stat>
</total>
<tag>
</tag>
<suite>
<stat name="Tests" id="s1" pass="0" fail="2" skip="0">Tests</stat>
<stat name="Test All Login" id="s1-s1" pass="0" fail="1" skip="0">Tests.Test All Login</stat>
<stat name="Test Logout" id="s1-s2" pass="0" fail="1" skip="0">Tests.Test Logout</stat>
</suite>
</statistics>
<errors>
</errors>
</robot>
